{"C:\\Users\\Laksandro ramadhanu\\Downloads\\BE-Final_Project-Split_Bill-RMT45\\app.js": {"path":"C:\\Users\\Laksandro ramadhanu\\Downloads\\BE-Final_Project-Split_Bill-RMT45\\app.js","statementMap":{"0":{"start":{"line":1,"column":0},"end":{"line":3,"column":1}},"1":{"start":{"line":2,"column":2},"end":{"line":2,"column":29}},"2":{"start":{"line":5,"column":16},"end":{"line":5,"column":34}},"3":{"start":{"line":6,"column":12},"end":{"line":6,"column":21}},"4":{"start":{"line":20,"column":13},"end":{"line":20,"column":28}},"5":{"start":{"line":21,"column":0},"end":{"line":21,"column":16}},"6":{"start":{"line":23,"column":0},"end":{"line":23,"column":48}},"7":{"start":{"line":24,"column":0},"end":{"line":24,"column":24}},"8":{"start":{"line":26,"column":0},"end":{"line":26,"column":35}},"9":{"start":{"line":28,"column":0},"end":{"line":28,"column":45}},"10":{"start":{"line":30,"column":0},"end":{"line":30,"column":21}}},"fnMap":{},"branchMap":{"0":{"loc":{"start":{"line":1,"column":0},"end":{"line":3,"column":1}},"type":"if","locations":[{"start":{"line":1,"column":0},"end":{"line":3,"column":1}},{"start":{},"end":{}}],"line":1}},"s":{"0":2,"1":2,"2":2,"3":2,"4":2,"5":2,"6":2,"7":2,"8":2,"9":2,"10":2},"f":{},"b":{"0":[2,0]},"_coverageSchema":"1a1c01bbd47fc00a2c39e90264f33305004495a9","hash":"5ac1ee18606ea209540db2ecc7445e8d05ec57ee"}
,"C:\\Users\\Laksandro ramadhanu\\Downloads\\BE-Final_Project-Split_Bill-RMT45\\config\\mongo.js": {"path":"C:\\Users\\Laksandro ramadhanu\\Downloads\\BE-Final_Project-Split_Bill-RMT45\\config\\mongo.js","statementMap":{"0":{"start":{"line":1,"column":42},"end":{"line":1,"column":60}},"1":{"start":{"line":2,"column":12},"end":{"line":2,"column":33}},"2":{"start":{"line":5,"column":15},"end":{"line":11,"column":2}},"3":{"start":{"line":13,"column":17},"end":{"line":13,"column":40}},"4":{"start":{"line":15,"column":0},"end":{"line":15,"column":26}}},"fnMap":{},"branchMap":{},"s":{"0":2,"1":2,"2":2,"3":2,"4":2},"f":{},"b":{},"_coverageSchema":"1a1c01bbd47fc00a2c39e90264f33305004495a9","hash":"43f38869768af5bdb5e4a5c11fb70a61bc756504"}
,"C:\\Users\\Laksandro ramadhanu\\Downloads\\BE-Final_Project-Split_Bill-RMT45\\controllers\\UserController.js": {"path":"C:\\Users\\Laksandro ramadhanu\\Downloads\\BE-Final_Project-Split_Bill-RMT45\\controllers\\UserController.js","statementMap":{"0":{"start":{"line":1,"column":17},"end":{"line":1,"column":43}},"1":{"start":{"line":2,"column":32},"end":{"line":2,"column":58}},"2":{"start":{"line":3,"column":22},"end":{"line":3,"column":47}},"3":{"start":{"line":4,"column":40},"end":{"line":4,"column":72}},"4":{"start":{"line":7,"column":19},"end":{"line":7,"column":47}},"5":{"start":{"line":11,"column":30},"end":{"line":11,"column":38}},"6":{"start":{"line":13,"column":4},"end":{"line":36,"column":5}},"7":{"start":{"line":14,"column":6},"end":{"line":14,"column":36}},"8":{"start":{"line":15,"column":27},"end":{"line":15,"column":47}},"9":{"start":{"line":16,"column":6},"end":{"line":17,"column":76}},"10":{"start":{"line":17,"column":8},"end":{"line":17,"column":76}},"11":{"start":{"line":19,"column":22},"end":{"line":25,"column":7}},"12":{"start":{"line":28,"column":21},"end":{"line":28,"column":56}},"13":{"start":{"line":30,"column":6},"end":{"line":33,"column":9}},"14":{"start":{"line":35,"column":6},"end":{"line":35,"column":18}},"15":{"start":{"line":40,"column":30},"end":{"line":40,"column":38}},"16":{"start":{"line":41,"column":4},"end":{"line":41,"column":33}},"17":{"start":{"line":43,"column":4},"end":{"line":73,"column":5}},"18":{"start":{"line":44,"column":6},"end":{"line":44,"column":36}},"19":{"start":{"line":47,"column":19},"end":{"line":47,"column":54}},"20":{"start":{"line":48,"column":6},"end":{"line":49,"column":78}},"21":{"start":{"line":49,"column":8},"end":{"line":49,"column":78}},"22":{"start":{"line":51,"column":25},"end":{"line":51,"column":60}},"23":{"start":{"line":52,"column":6},"end":{"line":53,"column":78}},"24":{"start":{"line":53,"column":8},"end":{"line":53,"column":78}},"25":{"start":{"line":55,"column":27},"end":{"line":55,"column":74}},"26":{"start":{"line":63,"column":6},"end":{"line":70,"column":9}},"27":{"start":{"line":72,"column":6},"end":{"line":72,"column":18}},"28":{"start":{"line":77,"column":4},"end":{"line":82,"column":5}},"29":{"start":{"line":78,"column":8},"end":{"line":78,"column":37}},"30":{"start":{"line":79,"column":8},"end":{"line":79,"column":31}},"31":{"start":{"line":81,"column":6},"end":{"line":81,"column":18}},"32":{"start":{"line":86,"column":0},"end":{"line":86,"column":32}}},"fnMap":{"0":{"name":"(anonymous_0)","decl":{"start":{"line":10,"column":2},"end":{"line":10,"column":3}},"loc":{"start":{"line":10,"column":40},"end":{"line":37,"column":3}},"line":10},"1":{"name":"(anonymous_1)","decl":{"start":{"line":39,"column":2},"end":{"line":39,"column":3}},"loc":{"start":{"line":39,"column":37},"end":{"line":74,"column":3}},"line":39},"2":{"name":"(anonymous_2)","decl":{"start":{"line":76,"column":2},"end":{"line":76,"column":3}},"loc":{"start":{"line":76,"column":38},"end":{"line":83,"column":3}},"line":76}},"branchMap":{"0":{"loc":{"start":{"line":16,"column":6},"end":{"line":17,"column":76}},"type":"if","locations":[{"start":{"line":16,"column":6},"end":{"line":17,"column":76}},{"start":{},"end":{}}],"line":16},"1":{"loc":{"start":{"line":48,"column":6},"end":{"line":49,"column":78}},"type":"if","locations":[{"start":{"line":48,"column":6},"end":{"line":49,"column":78}},{"start":{},"end":{}}],"line":48},"2":{"loc":{"start":{"line":52,"column":6},"end":{"line":53,"column":78}},"type":"if","locations":[{"start":{"line":52,"column":6},"end":{"line":53,"column":78}},{"start":{},"end":{}}],"line":52}},"s":{"0":2,"1":2,"2":2,"3":2,"4":2,"5":1,"6":1,"7":1,"8":1,"9":1,"10":0,"11":1,"12":1,"13":1,"14":0,"15":1,"16":1,"17":1,"18":1,"19":1,"20":1,"21":0,"22":1,"23":1,"24":0,"25":1,"26":1,"27":0,"28":1,"29":1,"30":1,"31":0,"32":2},"f":{"0":1,"1":1,"2":1},"b":{"0":[0,1],"1":[0,1],"2":[0,1]},"_coverageSchema":"1a1c01bbd47fc00a2c39e90264f33305004495a9","hash":"d7395672e3622e0c0208efa1a0463d56ddf5be2b"}
,"C:\\Users\\Laksandro ramadhanu\\Downloads\\BE-Final_Project-Split_Bill-RMT45\\controllers\\paymentController.js": {"path":"C:\\Users\\Laksandro ramadhanu\\Downloads\\BE-Final_Project-Split_Bill-RMT45\\controllers\\paymentController.js","statementMap":{"0":{"start":{"line":1,"column":21},"end":{"line":1,"column":39}},"1":{"start":{"line":2,"column":17},"end":{"line":2,"column":43}},"2":{"start":{"line":3,"column":23},"end":{"line":3,"column":49}},"3":{"start":{"line":4,"column":27},"end":{"line":4,"column":43}},"4":{"start":{"line":5,"column":19},"end":{"line":5,"column":50}},"5":{"start":{"line":6,"column":26},"end":{"line":6,"column":56}},"6":{"start":{"line":7,"column":24},"end":{"line":7,"column":52}},"7":{"start":{"line":13,"column":31},"end":{"line":13,"column":44}},"8":{"start":{"line":14,"column":21},"end":{"line":15,"column":33}},"9":{"start":{"line":17,"column":24},"end":{"line":21,"column":6}},"10":{"start":{"line":18,"column":6},"end":{"line":20,"column":7}},"11":{"start":{"line":19,"column":8},"end":{"line":19,"column":17}},"12":{"start":{"line":26,"column":20},"end":{"line":26,"column":44}},"13":{"start":{"line":27,"column":19},"end":{"line":27,"column":24}},"14":{"start":{"line":28,"column":4},"end":{"line":66,"column":5}},"15":{"start":{"line":29,"column":18},"end":{"line":33,"column":9}},"16":{"start":{"line":35,"column":23},"end":{"line":47,"column":8}},"17":{"start":{"line":49,"column":27},"end":{"line":49,"column":66}},"18":{"start":{"line":50,"column":30},"end":{"line":50,"column":47}},"19":{"start":{"line":56,"column":6},"end":{"line":61,"column":8}},"20":{"start":{"line":63,"column":7},"end":{"line":63,"column":73}},"21":{"start":{"line":65,"column":7},"end":{"line":65,"column":19}},"22":{"start":{"line":69,"column":40},"end":{"line":69,"column":53}},"23":{"start":{"line":71,"column":2},"end":{"line":132,"column":3}},"24":{"start":{"line":72,"column":19},"end":{"line":72,"column":72}},"25":{"start":{"line":73,"column":5},"end":{"line":75,"column":6}},"26":{"start":{"line":74,"column":8},"end":{"line":74,"column":68}},"27":{"start":{"line":80,"column":23},"end":{"line":80,"column":63}},"28":{"start":{"line":81,"column":29},"end":{"line":81,"column":76}},"29":{"start":{"line":82,"column":22},"end":{"line":86,"column":7}},"30":{"start":{"line":88,"column":5},"end":{"line":129,"column":6}},"31":{"start":{"line":90,"column":25},"end":{"line":92,"column":10}},"32":{"start":{"line":93,"column":8},"end":{"line":93,"column":54}},"33":{"start":{"line":94,"column":22},"end":{"line":104,"column":10}},"34":{"start":{"line":95,"column":10},"end":{"line":103,"column":11}},"35":{"start":{"line":96,"column":12},"end":{"line":98,"column":13}},"36":{"start":{"line":97,"column":14},"end":{"line":97,"column":50}},"37":{"start":{"line":99,"column":12},"end":{"line":99,"column":37}},"38":{"start":{"line":100,"column":12},"end":{"line":100,"column":21}},"39":{"start":{"line":102,"column":12},"end":{"line":102,"column":21}},"40":{"start":{"line":105,"column":8},"end":{"line":110,"column":10}},"41":{"start":{"line":111,"column":27},"end":{"line":113,"column":10}},"42":{"start":{"line":115,"column":8},"end":{"line":117,"column":9}},"43":{"start":{"line":116,"column":10},"end":{"line":116,"column":43}},"44":{"start":{"line":118,"column":20},"end":{"line":118,"column":65}},"45":{"start":{"line":119,"column":8},"end":{"line":124,"column":10}},"46":{"start":{"line":126,"column":8},"end":{"line":126,"column":49}},"47":{"start":{"line":128,"column":8},"end":{"line":128,"column":132}},"48":{"start":{"line":131,"column":5},"end":{"line":131,"column":17}},"49":{"start":{"line":136,"column":0},"end":{"line":136,"column":35}}},"fnMap":{"0":{"name":"(anonymous_0)","decl":{"start":{"line":11,"column":2},"end":{"line":11,"column":3}},"loc":{"start":{"line":11,"column":51},"end":{"line":67,"column":2}},"line":11},"1":{"name":"(anonymous_1)","decl":{"start":{"line":17,"column":48},"end":{"line":17,"column":49}},"loc":{"start":{"line":17,"column":56},"end":{"line":21,"column":5}},"line":17},"2":{"name":"(anonymous_2)","decl":{"start":{"line":68,"column":1},"end":{"line":68,"column":2}},"loc":{"start":{"line":68,"column":35},"end":{"line":133,"column":1}},"line":68},"3":{"name":"(anonymous_3)","decl":{"start":{"line":94,"column":43},"end":{"line":94,"column":44}},"loc":{"start":{"line":94,"column":51},"end":{"line":104,"column":9}},"line":94}},"branchMap":{"0":{"loc":{"start":{"line":18,"column":6},"end":{"line":20,"column":7}},"type":"if","locations":[{"start":{"line":18,"column":6},"end":{"line":20,"column":7}},{"start":{},"end":{}}],"line":18},"1":{"loc":{"start":{"line":73,"column":5},"end":{"line":75,"column":6}},"type":"if","locations":[{"start":{"line":73,"column":5},"end":{"line":75,"column":6}},{"start":{},"end":{}}],"line":73},"2":{"loc":{"start":{"line":88,"column":5},"end":{"line":129,"column":6}},"type":"if","locations":[{"start":{"line":88,"column":5},"end":{"line":129,"column":6}},{"start":{"line":127,"column":12},"end":{"line":129,"column":6}}],"line":88},"3":{"loc":{"start":{"line":88,"column":9},"end":{"line":88,"column":76}},"type":"binary-expr","locations":[{"start":{"line":88,"column":9},"end":{"line":88,"column":46}},{"start":{"line":88,"column":50},"end":{"line":88,"column":76}}],"line":88},"4":{"loc":{"start":{"line":95,"column":10},"end":{"line":103,"column":11}},"type":"if","locations":[{"start":{"line":95,"column":10},"end":{"line":103,"column":11}},{"start":{"line":101,"column":15},"end":{"line":103,"column":11}}],"line":95},"5":{"loc":{"start":{"line":96,"column":12},"end":{"line":98,"column":13}},"type":"if","locations":[{"start":{"line":96,"column":12},"end":{"line":98,"column":13}},{"start":{},"end":{}}],"line":96},"6":{"loc":{"start":{"line":115,"column":8},"end":{"line":117,"column":9}},"type":"if","locations":[{"start":{"line":115,"column":8},"end":{"line":117,"column":9}},{"start":{},"end":{}}],"line":115}},"s":{"0":2,"1":2,"2":2,"3":2,"4":2,"5":2,"6":2,"7":0,"8":0,"9":0,"10":0,"11":0,"12":0,"13":0,"14":0,"15":0,"16":0,"17":0,"18":0,"19":0,"20":0,"21":0,"22":0,"23":0,"24":0,"25":0,"26":0,"27":0,"28":0,"29":0,"30":0,"31":0,"32":0,"33":0,"34":0,"35":0,"36":0,"37":0,"38":0,"39":0,"40":0,"41":0,"42":0,"43":0,"44":0,"45":0,"46":0,"47":0,"48":0,"49":2},"f":{"0":0,"1":0,"2":0,"3":0},"b":{"0":[0,0],"1":[0,0],"2":[0,0],"3":[0,0],"4":[0,0],"5":[0,0],"6":[0,0]},"_coverageSchema":"1a1c01bbd47fc00a2c39e90264f33305004495a9","hash":"80544c1d3f8ba5ae5c1a4b9ba2f81e24f3460c48"}
,"C:\\Users\\Laksandro ramadhanu\\Downloads\\BE-Final_Project-Split_Bill-RMT45\\controllers\\receiptController.js": {"path":"C:\\Users\\Laksandro ramadhanu\\Downloads\\BE-Final_Project-Split_Bill-RMT45\\controllers\\receiptController.js","statementMap":{"0":{"start":{"line":1,"column":11},"end":{"line":1,"column":24}},"1":{"start":{"line":2,"column":16},"end":{"line":2,"column":34}},"2":{"start":{"line":3,"column":17},"end":{"line":3,"column":43}},"3":{"start":{"line":4,"column":19},"end":{"line":4,"column":49}},"4":{"start":{"line":5,"column":19},"end":{"line":5,"column":40}},"5":{"start":{"line":6,"column":21},"end":{"line":6,"column":39}},"6":{"start":{"line":7,"column":26},"end":{"line":7,"column":56}},"7":{"start":{"line":9,"column":27},"end":{"line":9,"column":67}},"8":{"start":{"line":10,"column":19},"end":{"line":10,"column":50}},"9":{"start":{"line":15,"column":28},"end":{"line":15,"column":36}},"10":{"start":{"line":16,"column":6},"end":{"line":133,"column":7}},"11":{"start":{"line":17,"column":9},"end":{"line":19,"column":10}},"12":{"start":{"line":18,"column":12},"end":{"line":18,"column":74}},"13":{"start":{"line":21,"column":29},"end":{"line":21,"column":63}},"14":{"start":{"line":22,"column":28},"end":{"line":22,"column":77}},"15":{"start":{"line":24,"column":29},"end":{"line":26,"column":11}},"16":{"start":{"line":28,"column":25},"end":{"line":41,"column":10}},"17":{"start":{"line":43,"column":9},"end":{"line":129,"column":12}},"18":{"start":{"line":44,"column":12},"end":{"line":47,"column":13}},"19":{"start":{"line":45,"column":15},"end":{"line":45,"column":36}},"20":{"start":{"line":46,"column":15},"end":{"line":46,"column":79}},"21":{"start":{"line":50,"column":12},"end":{"line":107,"column":13}},"22":{"start":{"line":51,"column":15},"end":{"line":53,"column":18}},"23":{"start":{"line":52,"column":18},"end":{"line":52,"column":48}},"24":{"start":{"line":54,"column":15},"end":{"line":56,"column":18}},"25":{"start":{"line":55,"column":18},"end":{"line":55,"column":51}},"26":{"start":{"line":57,"column":30},"end":{"line":57,"column":46}},"27":{"start":{"line":60,"column":15},"end":{"line":60,"column":27}},"28":{"start":{"line":61,"column":29},"end":{"line":61,"column":55}},"29":{"start":{"line":63,"column":15},"end":{"line":63,"column":66}},"30":{"start":{"line":64,"column":15},"end":{"line":106,"column":16}},"31":{"start":{"line":65,"column":18},"end":{"line":92,"column":19}},"32":{"start":{"line":65,"column":31},"end":{"line":65,"column":32}},"33":{"start":{"line":66,"column":38},"end":{"line":66,"column":46}},"34":{"start":{"line":67,"column":69},"end":{"line":67,"column":77}},"35":{"start":{"line":68,"column":21},"end":{"line":81,"column":22}},"36":{"start":{"line":69,"column":38},"end":{"line":69,"column":60}},"37":{"start":{"line":70,"column":41},"end":{"line":70,"column":64}},"38":{"start":{"line":71,"column":51},"end":{"line":71,"column":74}},"39":{"start":{"line":72,"column":44},"end":{"line":72,"column":72}},"40":{"start":{"line":73,"column":36},"end":{"line":79,"column":25}},"41":{"start":{"line":80,"column":24},"end":{"line":80,"column":43}},"42":{"start":{"line":94,"column":18},"end":{"line":105,"column":19}},"43":{"start":{"line":94,"column":31},"end":{"line":94,"column":32}},"44":{"start":{"line":95,"column":38},"end":{"line":95,"column":46}},"45":{"start":{"line":96,"column":69},"end":{"line":96,"column":77}},"46":{"start":{"line":97,"column":33},"end":{"line":103,"column":22}},"47":{"start":{"line":104,"column":21},"end":{"line":104,"column":40}},"48":{"start":{"line":108,"column":28},"end":{"line":120,"column":13}},"49":{"start":{"line":121,"column":26},"end":{"line":121,"column":61}},"50":{"start":{"line":123,"column":12},"end":{"line":127,"column":15}},"51":{"start":{"line":132,"column":9},"end":{"line":132,"column":21}},"52":{"start":{"line":136,"column":6},"end":{"line":171,"column":7}},"53":{"start":{"line":137,"column":32},"end":{"line":137,"column":42}},"54":{"start":{"line":139,"column":38},"end":{"line":139,"column":46}},"55":{"start":{"line":158,"column":24},"end":{"line":158,"column":61}},"56":{"start":{"line":159,"column":27},"end":{"line":159,"column":80}},"57":{"start":{"line":161,"column":24},"end":{"line":161,"column":69}},"58":{"start":{"line":163,"column":9},"end":{"line":167,"column":10}},"59":{"start":{"line":164,"column":12},"end":{"line":164,"column":75}},"60":{"start":{"line":166,"column":12},"end":{"line":166,"column":62}},"61":{"start":{"line":169,"column":9},"end":{"line":169,"column":28}},"62":{"start":{"line":170,"column":9},"end":{"line":170,"column":66}},"63":{"start":{"line":175,"column":6},"end":{"line":189,"column":7}},"64":{"start":{"line":176,"column":24},"end":{"line":176,"column":34}},"65":{"start":{"line":177,"column":26},"end":{"line":177,"column":42}},"66":{"start":{"line":178,"column":22},"end":{"line":178,"column":65}},"67":{"start":{"line":181,"column":9},"end":{"line":185,"column":10}},"68":{"start":{"line":182,"column":12},"end":{"line":182,"column":43}},"69":{"start":{"line":184,"column":12},"end":{"line":184,"column":62}},"70":{"start":{"line":187,"column":9},"end":{"line":187,"column":28}},"71":{"start":{"line":188,"column":9},"end":{"line":188,"column":66}},"72":{"start":{"line":193,"column":6},"end":{"line":279,"column":7}},"73":{"start":{"line":194,"column":28},"end":{"line":196,"column":11}},"74":{"start":{"line":198,"column":9},"end":{"line":272,"column":12}},"75":{"start":{"line":199,"column":32},"end":{"line":205,"column":14}},"76":{"start":{"line":207,"column":33},"end":{"line":264,"column":7}},"77":{"start":{"line":266,"column":12},"end":{"line":271,"column":15}},"78":{"start":{"line":273,"column":9},"end":{"line":275,"column":12}},"79":{"start":{"line":277,"column":9},"end":{"line":277,"column":21}},"80":{"start":{"line":278,"column":9},"end":{"line":278,"column":28}},"81":{"start":{"line":283,"column":6},"end":{"line":314,"column":7}},"82":{"start":{"line":284,"column":27},"end":{"line":284,"column":35}},"83":{"start":{"line":285,"column":32},"end":{"line":285,"column":42}},"84":{"start":{"line":287,"column":9},"end":{"line":287,"column":89}},"85":{"start":{"line":287,"column":23},"end":{"line":287,"column":89}},"86":{"start":{"line":289,"column":26},"end":{"line":289,"column":27}},"87":{"start":{"line":290,"column":9},"end":{"line":299,"column":12}},"88":{"start":{"line":291,"column":27},"end":{"line":291,"column":28}},"89":{"start":{"line":292,"column":12},"end":{"line":294,"column":15}},"90":{"start":{"line":293,"column":15},"end":{"line":293,"column":39}},"91":{"start":{"line":295,"column":12},"end":{"line":295,"column":35}},"92":{"start":{"line":296,"column":12},"end":{"line":296,"column":47}},"93":{"start":{"line":297,"column":12},"end":{"line":297,"column":53}},"94":{"start":{"line":298,"column":12},"end":{"line":298,"column":53}},"95":{"start":{"line":302,"column":24},"end":{"line":302,"column":61}},"96":{"start":{"line":303,"column":27},"end":{"line":303,"column":60}},"97":{"start":{"line":305,"column":24},"end":{"line":305,"column":69}},"98":{"start":{"line":307,"column":9},"end":{"line":311,"column":10}},"99":{"start":{"line":308,"column":12},"end":{"line":308,"column":73}},"100":{"start":{"line":310,"column":12},"end":{"line":310,"column":62}},"101":{"start":{"line":313,"column":9},"end":{"line":313,"column":21}},"102":{"start":{"line":318,"column":6},"end":{"line":325,"column":7}},"103":{"start":{"line":319,"column":24},"end":{"line":319,"column":36}},"104":{"start":{"line":321,"column":26},"end":{"line":321,"column":91}},"105":{"start":{"line":322,"column":9},"end":{"line":322,"column":67}},"106":{"start":{"line":324,"column":9},"end":{"line":324,"column":21}},"107":{"start":{"line":329,"column":4},"end":{"line":345,"column":5}},"108":{"start":{"line":331,"column":33},"end":{"line":331,"column":41}},"109":{"start":{"line":332,"column":23},"end":{"line":334,"column":8}},"110":{"start":{"line":335,"column":21},"end":{"line":339,"column":8}},"111":{"start":{"line":336,"column":8},"end":{"line":338,"column":9}},"112":{"start":{"line":337,"column":10},"end":{"line":337,"column":19}},"113":{"start":{"line":340,"column":6},"end":{"line":342,"column":8}},"114":{"start":{"line":344,"column":6},"end":{"line":344,"column":25}},"115":{"start":{"line":348,"column":0},"end":{"line":348,"column":35}}},"fnMap":{"0":{"name":"(anonymous_0)","decl":{"start":{"line":13,"column":3},"end":{"line":13,"column":4}},"loc":{"start":{"line":13,"column":43},"end":{"line":134,"column":4}},"line":13},"1":{"name":"(anonymous_1)","decl":{"start":{"line":43,"column":31},"end":{"line":43,"column":32}},"loc":{"start":{"line":43,"column":64},"end":{"line":129,"column":10}},"line":43},"2":{"name":"(anonymous_2)","decl":{"start":{"line":51,"column":67},"end":{"line":51,"column":68}},"loc":{"start":{"line":51,"column":86},"end":{"line":53,"column":16}},"line":51},"3":{"name":"(anonymous_3)","decl":{"start":{"line":54,"column":70},"end":{"line":54,"column":71}},"loc":{"start":{"line":54,"column":89},"end":{"line":56,"column":16}},"line":54},"4":{"name":"(anonymous_4)","decl":{"start":{"line":135,"column":3},"end":{"line":135,"column":4}},"loc":{"start":{"line":135,"column":41},"end":{"line":172,"column":4}},"line":135},"5":{"name":"(anonymous_5)","decl":{"start":{"line":174,"column":3},"end":{"line":174,"column":4}},"loc":{"start":{"line":174,"column":38},"end":{"line":190,"column":4}},"line":174},"6":{"name":"(anonymous_6)","decl":{"start":{"line":192,"column":3},"end":{"line":192,"column":4}},"loc":{"start":{"line":192,"column":43},"end":{"line":280,"column":4}},"line":192},"7":{"name":"(anonymous_7)","decl":{"start":{"line":198,"column":32},"end":{"line":198,"column":33}},"loc":{"start":{"line":198,"column":46},"end":{"line":272,"column":10}},"line":198},"8":{"name":"(anonymous_8)","decl":{"start":{"line":282,"column":3},"end":{"line":282,"column":4}},"loc":{"start":{"line":282,"column":50},"end":{"line":315,"column":4}},"line":282},"9":{"name":"(anonymous_9)","decl":{"start":{"line":290,"column":21},"end":{"line":290,"column":22}},"loc":{"start":{"line":290,"column":36},"end":{"line":299,"column":10}},"line":290},"10":{"name":"(anonymous_10)","decl":{"start":{"line":292,"column":25},"end":{"line":292,"column":26}},"loc":{"start":{"line":292,"column":35},"end":{"line":294,"column":13}},"line":292},"11":{"name":"(anonymous_11)","decl":{"start":{"line":317,"column":3},"end":{"line":317,"column":4}},"loc":{"start":{"line":317,"column":45},"end":{"line":326,"column":4}},"line":317},"12":{"name":"(anonymous_12)","decl":{"start":{"line":328,"column":3},"end":{"line":328,"column":4}},"loc":{"start":{"line":328,"column":45},"end":{"line":346,"column":4}},"line":328},"13":{"name":"(anonymous_13)","decl":{"start":{"line":335,"column":42},"end":{"line":335,"column":43}},"loc":{"start":{"line":335,"column":50},"end":{"line":339,"column":7}},"line":335}},"branchMap":{"0":{"loc":{"start":{"line":17,"column":9},"end":{"line":19,"column":10}},"type":"if","locations":[{"start":{"line":17,"column":9},"end":{"line":19,"column":10}},{"start":{},"end":{}}],"line":17},"1":{"loc":{"start":{"line":17,"column":13},"end":{"line":17,"column":42}},"type":"binary-expr","locations":[{"start":{"line":17,"column":13},"end":{"line":17,"column":22}},{"start":{"line":17,"column":26},"end":{"line":17,"column":42}}],"line":17},"2":{"loc":{"start":{"line":44,"column":12},"end":{"line":47,"column":13}},"type":"if","locations":[{"start":{"line":44,"column":12},"end":{"line":47,"column":13}},{"start":{},"end":{}}],"line":44},"3":{"loc":{"start":{"line":50,"column":12},"end":{"line":107,"column":13}},"type":"if","locations":[{"start":{"line":50,"column":12},"end":{"line":107,"column":13}},{"start":{},"end":{}}],"line":50},"4":{"loc":{"start":{"line":64,"column":15},"end":{"line":106,"column":16}},"type":"if","locations":[{"start":{"line":64,"column":15},"end":{"line":106,"column":16}},{"start":{"line":93,"column":22},"end":{"line":106,"column":16}}],"line":64},"5":{"loc":{"start":{"line":68,"column":21},"end":{"line":81,"column":22}},"type":"if","locations":[{"start":{"line":68,"column":21},"end":{"line":81,"column":22}},{"start":{},"end":{}}],"line":68},"6":{"loc":{"start":{"line":68,"column":25},"end":{"line":68,"column":170}},"type":"binary-expr","locations":[{"start":{"line":68,"column":25},"end":{"line":68,"column":74}},{"start":{"line":68,"column":78},"end":{"line":68,"column":122}},{"start":{"line":68,"column":126},"end":{"line":68,"column":170}}],"line":68},"7":{"loc":{"start":{"line":163,"column":9},"end":{"line":167,"column":10}},"type":"if","locations":[{"start":{"line":163,"column":9},"end":{"line":167,"column":10}},{"start":{"line":165,"column":16},"end":{"line":167,"column":10}}],"line":163},"8":{"loc":{"start":{"line":181,"column":9},"end":{"line":185,"column":10}},"type":"if","locations":[{"start":{"line":181,"column":9},"end":{"line":185,"column":10}},{"start":{"line":183,"column":16},"end":{"line":185,"column":10}}],"line":181},"9":{"loc":{"start":{"line":287,"column":9},"end":{"line":287,"column":89}},"type":"if","locations":[{"start":{"line":287,"column":9},"end":{"line":287,"column":89}},{"start":{},"end":{}}],"line":287},"10":{"loc":{"start":{"line":307,"column":9},"end":{"line":311,"column":10}},"type":"if","locations":[{"start":{"line":307,"column":9},"end":{"line":311,"column":10}},{"start":{"line":309,"column":16},"end":{"line":311,"column":10}}],"line":307},"11":{"loc":{"start":{"line":336,"column":8},"end":{"line":338,"column":9}},"type":"if","locations":[{"start":{"line":336,"column":8},"end":{"line":338,"column":9}},{"start":{},"end":{}}],"line":336}},"s":{"0":2,"1":2,"2":2,"3":2,"4":2,"5":2,"6":2,"7":2,"8":2,"9":2,"10":2,"11":2,"12":1,"13":1,"14":1,"15":1,"16":1,"17":1,"18":1,"19":0,"20":0,"21":1,"22":1,"23":0,"24":1,"25":0,"26":1,"27":1,"28":1,"29":0,"30":0,"31":0,"32":0,"33":0,"34":0,"35":0,"36":0,"37":0,"38":0,"39":0,"40":0,"41":0,"42":0,"43":0,"44":0,"45":0,"46":0,"47":0,"48":0,"49":0,"50":0,"51":0,"52":2,"53":2,"54":2,"55":2,"56":1,"57":1,"58":1,"59":0,"60":1,"61":1,"62":1,"63":2,"64":2,"65":2,"66":1,"67":1,"68":0,"69":1,"70":1,"71":1,"72":0,"73":0,"74":0,"75":0,"76":0,"77":0,"78":0,"79":0,"80":0,"81":3,"82":3,"83":3,"84":3,"85":1,"86":2,"87":2,"88":3,"89":3,"90":6,"91":3,"92":3,"93":3,"94":3,"95":2,"96":2,"97":2,"98":2,"99":0,"100":2,"101":1,"102":0,"103":0,"104":0,"105":0,"106":0,"107":0,"108":0,"109":0,"110":0,"111":0,"112":0,"113":0,"114":0,"115":2},"f":{"0":2,"1":1,"2":0,"3":0,"4":2,"5":2,"6":0,"7":0,"8":3,"9":3,"10":6,"11":0,"12":0,"13":0},"b":{"0":[1,1],"1":[2,1],"2":[0,1],"3":[1,0],"4":[0,0],"5":[0,0],"6":[0,0,0],"7":[0,1],"8":[0,1],"9":[1,2],"10":[0,2],"11":[0,0]},"_coverageSchema":"1a1c01bbd47fc00a2c39e90264f33305004495a9","hash":"c32accb39bd3ae05aef0559ad0db0ce2cc7fdec5"}
,"C:\\Users\\Laksandro ramadhanu\\Downloads\\BE-Final_Project-Split_Bill-RMT45\\helpers\\hash.js": {"path":"C:\\Users\\Laksandro ramadhanu\\Downloads\\BE-Final_Project-Split_Bill-RMT45\\helpers\\hash.js","statementMap":{"0":{"start":{"line":1,"column":15},"end":{"line":1,"column":34}},"1":{"start":{"line":2,"column":13},"end":{"line":2,"column":35}},"2":{"start":{"line":4,"column":16},"end":{"line":6,"column":1}},"3":{"start":{"line":5,"column":2},"end":{"line":5,"column":41}},"4":{"start":{"line":8,"column":19},"end":{"line":10,"column":1}},"5":{"start":{"line":9,"column":2},"end":{"line":9,"column":44}},"6":{"start":{"line":12,"column":0},"end":{"line":12,"column":41}}},"fnMap":{"0":{"name":"(anonymous_0)","decl":{"start":{"line":4,"column":16},"end":{"line":4,"column":17}},"loc":{"start":{"line":4,"column":30},"end":{"line":6,"column":1}},"line":4},"1":{"name":"(anonymous_1)","decl":{"start":{"line":8,"column":19},"end":{"line":8,"column":20}},"loc":{"start":{"line":8,"column":39},"end":{"line":10,"column":1}},"line":8}},"branchMap":{},"s":{"0":2,"1":2,"2":2,"3":1,"4":2,"5":1,"6":2},"f":{"0":1,"1":1},"b":{},"_coverageSchema":"1a1c01bbd47fc00a2c39e90264f33305004495a9","hash":"f0377b30cdda176c10c827e1cb8be21ed895935b"}
,"C:\\Users\\Laksandro ramadhanu\\Downloads\\BE-Final_Project-Split_Bill-RMT45\\helpers\\jwt.js": {"path":"C:\\Users\\Laksandro ramadhanu\\Downloads\\BE-Final_Project-Split_Bill-RMT45\\helpers\\jwt.js","statementMap":{"0":{"start":{"line":1,"column":12},"end":{"line":1,"column":35}},"1":{"start":{"line":2,"column":15},"end":{"line":2,"column":37}},"2":{"start":{"line":4,"column":18},"end":{"line":6,"column":1}},"3":{"start":{"line":5,"column":2},"end":{"line":5,"column":35}},"4":{"start":{"line":8,"column":20},"end":{"line":10,"column":1}},"5":{"start":{"line":9,"column":2},"end":{"line":9,"column":35}},"6":{"start":{"line":12,"column":0},"end":{"line":12,"column":44}}},"fnMap":{"0":{"name":"(anonymous_0)","decl":{"start":{"line":4,"column":18},"end":{"line":4,"column":19}},"loc":{"start":{"line":4,"column":31},"end":{"line":6,"column":1}},"line":4},"1":{"name":"(anonymous_1)","decl":{"start":{"line":8,"column":20},"end":{"line":8,"column":21}},"loc":{"start":{"line":8,"column":31},"end":{"line":10,"column":1}},"line":8}},"branchMap":{},"s":{"0":2,"1":2,"2":2,"3":1,"4":2,"5":0,"6":2},"f":{"0":1,"1":0},"b":{},"_coverageSchema":"1a1c01bbd47fc00a2c39e90264f33305004495a9","hash":"bea6987bb8ca34a726f67523aa363e3e827b1fc4"}
,"C:\\Users\\Laksandro ramadhanu\\Downloads\\BE-Final_Project-Split_Bill-RMT45\\helpers\\validation.js": {"path":"C:\\Users\\Laksandro ramadhanu\\Downloads\\BE-Final_Project-Split_Bill-RMT45\\helpers\\validation.js","statementMap":{"0":{"start":{"line":2,"column":11},"end":{"line":2,"column":25}},"1":{"start":{"line":3,"column":2},"end":{"line":3,"column":24}},"2":{"start":{"line":7,"column":2},"end":{"line":7,"column":79}},"3":{"start":{"line":7,"column":14},"end":{"line":7,"column":79}},"4":{"start":{"line":8,"column":2},"end":{"line":9,"column":72}},"5":{"start":{"line":9,"column":4},"end":{"line":9,"column":72}},"6":{"start":{"line":11,"column":2},"end":{"line":11,"column":14}},"7":{"start":{"line":13,"column":0},"end":{"line":13,"column":49}}},"fnMap":{"0":{"name":"validateEmail","decl":{"start":{"line":1,"column":9},"end":{"line":1,"column":22}},"loc":{"start":{"line":1,"column":30},"end":{"line":4,"column":1}},"line":1},"1":{"name":"requireInput","decl":{"start":{"line":6,"column":9},"end":{"line":6,"column":21}},"loc":{"start":{"line":6,"column":39},"end":{"line":12,"column":1}},"line":6}},"branchMap":{"0":{"loc":{"start":{"line":7,"column":2},"end":{"line":7,"column":79}},"type":"if","locations":[{"start":{"line":7,"column":2},"end":{"line":7,"column":79}},{"start":{},"end":{}}],"line":7},"1":{"loc":{"start":{"line":8,"column":2},"end":{"line":9,"column":72}},"type":"if","locations":[{"start":{"line":8,"column":2},"end":{"line":9,"column":72}},{"start":{},"end":{}}],"line":8}},"s":{"0":1,"1":1,"2":2,"3":0,"4":2,"5":0,"6":2,"7":2},"f":{"0":1,"1":2},"b":{"0":[0,2],"1":[0,2]},"_coverageSchema":"1a1c01bbd47fc00a2c39e90264f33305004495a9","hash":"aa1fa579445203ca775e842a5a48be84bdebfd02"}
,"C:\\Users\\Laksandro ramadhanu\\Downloads\\BE-Final_Project-Split_Bill-RMT45\\middlewares\\authentication.js": {"path":"C:\\Users\\Laksandro ramadhanu\\Downloads\\BE-Final_Project-Split_Bill-RMT45\\middlewares\\authentication.js","statementMap":{"0":{"start":{"line":1,"column":21},"end":{"line":1,"column":36}},"1":{"start":{"line":2,"column":17},"end":{"line":2,"column":43}},"2":{"start":{"line":3,"column":24},"end":{"line":3,"column":49}},"3":{"start":{"line":6,"column":19},"end":{"line":6,"column":47}},"4":{"start":{"line":8,"column":23},"end":{"line":41,"column":1}},"5":{"start":{"line":9,"column":2},"end":{"line":40,"column":3}},"6":{"start":{"line":10,"column":30},"end":{"line":10,"column":41}},"7":{"start":{"line":12,"column":4},"end":{"line":14,"column":5}},"8":{"start":{"line":13,"column":6},"end":{"line":13,"column":38}},"9":{"start":{"line":16,"column":26},"end":{"line":16,"column":50}},"10":{"start":{"line":17,"column":4},"end":{"line":19,"column":5}},"11":{"start":{"line":18,"column":6},"end":{"line":18,"column":38}},"12":{"start":{"line":21,"column":25},"end":{"line":21,"column":43}},"13":{"start":{"line":23,"column":4},"end":{"line":25,"column":5}},"14":{"start":{"line":24,"column":6},"end":{"line":24,"column":38}},"15":{"start":{"line":27,"column":17},"end":{"line":29,"column":6}},"16":{"start":{"line":31,"column":4},"end":{"line":33,"column":5}},"17":{"start":{"line":32,"column":6},"end":{"line":32,"column":38}},"18":{"start":{"line":35,"column":4},"end":{"line":35,"column":20}},"19":{"start":{"line":37,"column":4},"end":{"line":37,"column":11}},"20":{"start":{"line":39,"column":4},"end":{"line":39,"column":16}},"21":{"start":{"line":43,"column":0},"end":{"line":43,"column":36}}},"fnMap":{"0":{"name":"(anonymous_0)","decl":{"start":{"line":8,"column":23},"end":{"line":8,"column":24}},"loc":{"start":{"line":8,"column":49},"end":{"line":41,"column":1}},"line":8}},"branchMap":{"0":{"loc":{"start":{"line":12,"column":4},"end":{"line":14,"column":5}},"type":"if","locations":[{"start":{"line":12,"column":4},"end":{"line":14,"column":5}},{"start":{},"end":{}}],"line":12},"1":{"loc":{"start":{"line":17,"column":4},"end":{"line":19,"column":5}},"type":"if","locations":[{"start":{"line":17,"column":4},"end":{"line":19,"column":5}},{"start":{},"end":{}}],"line":17},"2":{"loc":{"start":{"line":23,"column":4},"end":{"line":25,"column":5}},"type":"if","locations":[{"start":{"line":23,"column":4},"end":{"line":25,"column":5}},{"start":{},"end":{}}],"line":23},"3":{"loc":{"start":{"line":31,"column":4},"end":{"line":33,"column":5}},"type":"if","locations":[{"start":{"line":31,"column":4},"end":{"line":33,"column":5}},{"start":{},"end":{}}],"line":31}},"s":{"0":1,"1":1,"2":1,"3":1,"4":1,"5":0,"6":0,"7":0,"8":0,"9":0,"10":0,"11":0,"12":0,"13":0,"14":0,"15":0,"16":0,"17":0,"18":0,"19":0,"20":0,"21":1},"f":{"0":0},"b":{"0":[0,0],"1":[0,0],"2":[0,0],"3":[0,0]},"_coverageSchema":"1a1c01bbd47fc00a2c39e90264f33305004495a9","hash":"eb5737d4fd07d00572372dae69f3dcf6d679847a"}
,"C:\\Users\\Laksandro ramadhanu\\Downloads\\BE-Final_Project-Split_Bill-RMT45\\middlewares\\errHandler.js": {"path":"C:\\Users\\Laksandro ramadhanu\\Downloads\\BE-Final_Project-Split_Bill-RMT45\\middlewares\\errHandler.js","statementMap":{"0":{"start":{"line":1,"column":19},"end":{"line":15,"column":1}},"1":{"start":{"line":2,"column":2},"end":{"line":14,"column":3}},"2":{"start":{"line":4,"column":6},"end":{"line":4,"column":53}},"3":{"start":{"line":5,"column":6},"end":{"line":5,"column":12}},"4":{"start":{"line":8,"column":6},"end":{"line":8,"column":57}},"5":{"start":{"line":9,"column":6},"end":{"line":9,"column":12}},"6":{"start":{"line":11,"column":6},"end":{"line":11,"column":33}},"7":{"start":{"line":12,"column":6},"end":{"line":12,"column":65}},"8":{"start":{"line":13,"column":6},"end":{"line":13,"column":12}},"9":{"start":{"line":17,"column":0},"end":{"line":17,"column":28}}},"fnMap":{"0":{"name":"(anonymous_0)","decl":{"start":{"line":1,"column":19},"end":{"line":1,"column":20}},"loc":{"start":{"line":1,"column":44},"end":{"line":15,"column":1}},"line":1}},"branchMap":{"0":{"loc":{"start":{"line":2,"column":2},"end":{"line":14,"column":3}},"type":"switch","locations":[{"start":{"line":3,"column":4},"end":{"line":5,"column":12}},{"start":{"line":6,"column":4},"end":{"line":6,"column":25}},{"start":{"line":7,"column":4},"end":{"line":9,"column":12}},{"start":{"line":10,"column":4},"end":{"line":13,"column":12}}],"line":2}},"s":{"0":2,"1":1,"2":0,"3":0,"4":0,"5":0,"6":1,"7":1,"8":1,"9":2},"f":{"0":1},"b":{"0":[0,0,0,1]},"_coverageSchema":"1a1c01bbd47fc00a2c39e90264f33305004495a9","hash":"30abfb0c8e35c703b0aac1f2790521ab3ab42107"}
,"C:\\Users\\Laksandro ramadhanu\\Downloads\\BE-Final_Project-Split_Bill-RMT45\\routes\\index.js": {"path":"C:\\Users\\Laksandro ramadhanu\\Downloads\\BE-Final_Project-Split_Bill-RMT45\\routes\\index.js","statementMap":{"0":{"start":{"line":1,"column":16},"end":{"line":1,"column":34}},"1":{"start":{"line":2,"column":15},"end":{"line":2,"column":31}},"2":{"start":{"line":3,"column":27},"end":{"line":3,"column":67}},"3":{"start":{"line":5,"column":0},"end":{"line":5,"column":30}},"4":{"start":{"line":6,"column":0},"end":{"line":6,"column":33}},"5":{"start":{"line":7,"column":0},"end":{"line":7,"column":33}},"6":{"start":{"line":8,"column":0},"end":{"line":8,"column":27}},"7":{"start":{"line":9,"column":0},"end":{"line":11,"column":3}},"8":{"start":{"line":10,"column":2},"end":{"line":10,"column":51}},"9":{"start":{"line":13,"column":0},"end":{"line":13,"column":24}}},"fnMap":{"0":{"name":"(anonymous_0)","decl":{"start":{"line":9,"column":16},"end":{"line":9,"column":17}},"loc":{"start":{"line":9,"column":30},"end":{"line":11,"column":1}},"line":9}},"branchMap":{},"s":{"0":2,"1":2,"2":2,"3":2,"4":2,"5":2,"6":2,"7":2,"8":0,"9":2},"f":{"0":0},"b":{},"_coverageSchema":"1a1c01bbd47fc00a2c39e90264f33305004495a9","hash":"c7f2e4179accd54ef314d250409f90ca37b4f9cf"}
,"C:\\Users\\Laksandro ramadhanu\\Downloads\\BE-Final_Project-Split_Bill-RMT45\\routes\\payment.js": {"path":"C:\\Users\\Laksandro ramadhanu\\Downloads\\BE-Final_Project-Split_Bill-RMT45\\routes\\payment.js","statementMap":{"0":{"start":{"line":1,"column":16},"end":{"line":1,"column":34}},"1":{"start":{"line":2,"column":26},"end":{"line":2,"column":69}},"2":{"start":{"line":3,"column":15},"end":{"line":3,"column":31}},"3":{"start":{"line":5,"column":0},"end":{"line":5,"column":81}},"4":{"start":{"line":6,"column":0},"end":{"line":6,"column":54}},"5":{"start":{"line":9,"column":0},"end":{"line":9,"column":24}}},"fnMap":{},"branchMap":{},"s":{"0":2,"1":2,"2":2,"3":2,"4":2,"5":2},"f":{},"b":{},"_coverageSchema":"1a1c01bbd47fc00a2c39e90264f33305004495a9","hash":"9df86e6e38f87f22e1eddd3db27b550689ba8ab4"}
,"C:\\Users\\Laksandro ramadhanu\\Downloads\\BE-Final_Project-Split_Bill-RMT45\\routes\\receipt.js": {"path":"C:\\Users\\Laksandro ramadhanu\\Downloads\\BE-Final_Project-Split_Bill-RMT45\\routes\\receipt.js","statementMap":{"0":{"start":{"line":1,"column":16},"end":{"line":1,"column":34}},"1":{"start":{"line":2,"column":26},"end":{"line":2,"column":69}},"2":{"start":{"line":3,"column":15},"end":{"line":3,"column":31}},"3":{"start":{"line":5,"column":15},"end":{"line":5,"column":32}},"4":{"start":{"line":7,"column":15},"end":{"line":9,"column":2}},"5":{"start":{"line":11,"column":0},"end":{"line":15,"column":2}},"6":{"start":{"line":16,"column":0},"end":{"line":16,"column":57}},"7":{"start":{"line":17,"column":0},"end":{"line":17,"column":65}},"8":{"start":{"line":18,"column":0},"end":{"line":18,"column":59}},"9":{"start":{"line":19,"column":0},"end":{"line":19,"column":58}},"10":{"start":{"line":21,"column":0},"end":{"line":25,"column":2}},"11":{"start":{"line":26,"column":0},"end":{"line":26,"column":65}},"12":{"start":{"line":27,"column":0},"end":{"line":27,"column":59}},"13":{"start":{"line":28,"column":0},"end":{"line":28,"column":71}},"14":{"start":{"line":29,"column":0},"end":{"line":29,"column":53}},"15":{"start":{"line":31,"column":0},"end":{"line":31,"column":24}}},"fnMap":{},"branchMap":{},"s":{"0":2,"1":2,"2":2,"3":2,"4":2,"5":2,"6":2,"7":2,"8":2,"9":2,"10":2,"11":2,"12":2,"13":2,"14":2,"15":2},"f":{},"b":{},"_coverageSchema":"1a1c01bbd47fc00a2c39e90264f33305004495a9","hash":"40cac7afa1f7cca0f3770795253d81dc8ba57817"}
,"C:\\Users\\Laksandro ramadhanu\\Downloads\\BE-Final_Project-Split_Bill-RMT45\\routes\\user.js": {"path":"C:\\Users\\Laksandro ramadhanu\\Downloads\\BE-Final_Project-Split_Bill-RMT45\\routes\\user.js","statementMap":{"0":{"start":{"line":1,"column":16},"end":{"line":1,"column":34}},"1":{"start":{"line":2,"column":15},"end":{"line":2,"column":31}},"2":{"start":{"line":4,"column":23},"end":{"line":4,"column":63}},"3":{"start":{"line":6,"column":0},"end":{"line":6,"column":44}},"4":{"start":{"line":7,"column":0},"end":{"line":7,"column":50}},"5":{"start":{"line":8,"column":0},"end":{"line":8,"column":45}},"6":{"start":{"line":10,"column":0},"end":{"line":10,"column":24}}},"fnMap":{},"branchMap":{},"s":{"0":2,"1":2,"2":2,"3":2,"4":2,"5":2,"6":2},"f":{},"b":{},"_coverageSchema":"1a1c01bbd47fc00a2c39e90264f33305004495a9","hash":"9804d944e14b7e4051cab193dc6ec22638e3ef49"}
,"C:\\Users\\Laksandro ramadhanu\\Downloads\\BE-Final_Project-Split_Bill-RMT45\\utils\\cloudinary.js": {"path":"C:\\Users\\Laksandro ramadhanu\\Downloads\\BE-Final_Project-Split_Bill-RMT45\\utils\\cloudinary.js","statementMap":{"0":{"start":{"line":1,"column":19},"end":{"line":1,"column":43}},"1":{"start":{"line":3,"column":0},"end":{"line":7,"column":3}},"2":{"start":{"line":9,"column":0},"end":{"line":9,"column":28}}},"fnMap":{},"branchMap":{},"s":{"0":2,"1":2,"2":2},"f":{},"b":{},"_coverageSchema":"1a1c01bbd47fc00a2c39e90264f33305004495a9","hash":"ced5cd0843028e37120ff04968653322234857aa"}
}
