TN:
SF:app.js
FNF:0
FNH:0
DA:1,2
DA:2,2
DA:5,2
DA:6,2
DA:20,2
DA:21,2
DA:23,2
DA:24,2
DA:26,2
DA:28,2
DA:30,2
LF:11
LH:11
BRDA:1,0,0,2
BRDA:1,0,1,0
BRF:2
BRH:1
end_of_record
TN:
SF:config\mongo.js
FNF:0
FNH:0
DA:1,2
DA:2,2
DA:5,2
DA:13,2
DA:15,2
LF:5
LH:5
BRF:0
BRH:0
end_of_record
TN:
SF:controllers\UserController.js
FN:10,(anonymous_0)
FN:39,(anonymous_1)
FN:76,(anonymous_2)
FNF:3
FNH:3
FNDA:1,(anonymous_0)
FNDA:1,(anonymous_1)
FNDA:1,(anonymous_2)
DA:1,2
DA:2,2
DA:3,2
DA:4,2
DA:7,2
DA:11,1
DA:13,1
DA:14,1
DA:15,1
DA:16,1
DA:17,0
DA:19,1
DA:28,1
DA:30,1
DA:35,0
DA:40,1
DA:41,1
DA:43,1
DA:44,1
DA:47,1
DA:48,1
DA:49,0
DA:51,1
DA:52,1
DA:53,0
DA:55,1
DA:63,1
DA:72,0
DA:77,1
DA:78,1
DA:79,1
DA:81,0
DA:86,2
LF:33
LH:27
BRDA:16,0,0,0
BRDA:16,0,1,1
BRDA:48,1,0,0
BRDA:48,1,1,1
BRDA:52,2,0,0
BRDA:52,2,1,1
BRF:6
BRH:3
end_of_record
TN:
SF:controllers\paymentController.js
FN:11,(anonymous_0)
FN:17,(anonymous_1)
FN:68,(anonymous_2)
FN:94,(anonymous_3)
FNF:4
FNH:0
FNDA:0,(anonymous_0)
FNDA:0,(anonymous_1)
FNDA:0,(anonymous_2)
FNDA:0,(anonymous_3)
DA:1,2
DA:2,2
DA:3,2
DA:4,2
DA:5,2
DA:6,2
DA:7,2
DA:13,0
DA:14,0
DA:17,0
DA:18,0
DA:19,0
DA:26,0
DA:27,0
DA:28,0
DA:29,0
DA:35,0
DA:49,0
DA:50,0
DA:56,0
DA:63,0
DA:65,0
DA:69,0
DA:71,0
DA:72,0
DA:73,0
DA:74,0
DA:80,0
DA:81,0
DA:82,0
DA:88,0
DA:90,0
DA:93,0
DA:94,0
DA:95,0
DA:96,0
DA:97,0
DA:99,0
DA:100,0
DA:102,0
DA:105,0
DA:111,0
DA:115,0
DA:116,0
DA:118,0
DA:119,0
DA:126,0
DA:128,0
DA:131,0
DA:136,2
LF:50
LH:8
BRDA:18,0,0,0
BRDA:18,0,1,0
BRDA:73,1,0,0
BRDA:73,1,1,0
BRDA:88,2,0,0
BRDA:88,2,1,0
BRDA:88,3,0,0
BRDA:88,3,1,0
BRDA:95,4,0,0
BRDA:95,4,1,0
BRDA:96,5,0,0
BRDA:96,5,1,0
BRDA:115,6,0,0
BRDA:115,6,1,0
BRF:14
BRH:0
end_of_record
TN:
SF:controllers\receiptController.js
FN:13,(anonymous_0)
FN:43,(anonymous_1)
FN:51,(anonymous_2)
FN:54,(anonymous_3)
FN:135,(anonymous_4)
FN:174,(anonymous_5)
FN:192,(anonymous_6)
FN:198,(anonymous_7)
FN:282,(anonymous_8)
FN:290,(anonymous_9)
FN:292,(anonymous_10)
FN:317,(anonymous_11)
FN:328,(anonymous_12)
FN:335,(anonymous_13)
FNF:14
FNH:7
FNDA:2,(anonymous_0)
FNDA:1,(anonymous_1)
FNDA:0,(anonymous_2)
FNDA:0,(anonymous_3)
FNDA:2,(anonymous_4)
FNDA:2,(anonymous_5)
FNDA:0,(anonymous_6)
FNDA:0,(anonymous_7)
FNDA:3,(anonymous_8)
FNDA:3,(anonymous_9)
FNDA:6,(anonymous_10)
FNDA:0,(anonymous_11)
FNDA:0,(anonymous_12)
FNDA:0,(anonymous_13)
DA:1,2
DA:2,2
DA:3,2
DA:4,2
DA:5,2
DA:6,2
DA:7,2
DA:9,2
DA:10,2
DA:15,2
DA:16,2
DA:17,2
DA:18,1
DA:21,1
DA:22,1
DA:24,1
DA:28,1
DA:43,1
DA:44,1
DA:45,0
DA:46,0
DA:50,1
DA:51,1
DA:52,0
DA:54,1
DA:55,0
DA:57,1
DA:60,1
DA:61,1
DA:63,0
DA:64,0
DA:65,0
DA:66,0
DA:67,0
DA:68,0
DA:69,0
DA:70,0
DA:71,0
DA:72,0
DA:73,0
DA:80,0
DA:94,0
DA:95,0
DA:96,0
DA:97,0
DA:104,0
DA:108,0
DA:121,0
DA:123,0
DA:132,0
DA:136,2
DA:137,2
DA:139,2
DA:158,2
DA:159,1
DA:161,1
DA:163,1
DA:164,0
DA:166,1
DA:169,1
DA:170,1
DA:175,2
DA:176,2
DA:177,2
DA:178,1
DA:181,1
DA:182,0
DA:184,1
DA:187,1
DA:188,1
DA:193,0
DA:194,0
DA:198,0
DA:199,0
DA:207,0
DA:266,0
DA:273,0
DA:277,0
DA:278,0
DA:283,3
DA:284,3
DA:285,3
DA:287,3
DA:289,2
DA:290,2
DA:291,3
DA:292,3
DA:293,6
DA:295,3
DA:296,3
DA:297,3
DA:298,3
DA:302,2
DA:303,2
DA:305,2
DA:307,2
DA:308,0
DA:310,2
DA:313,1
DA:318,0
DA:319,0
DA:321,0
DA:322,0
DA:324,0
DA:329,0
DA:331,0
DA:332,0
DA:335,0
DA:336,0
DA:337,0
DA:340,0
DA:344,0
DA:348,2
LF:113
LH:63
BRDA:17,0,0,1
BRDA:17,0,1,1
BRDA:17,1,0,2
BRDA:17,1,1,1
BRDA:44,2,0,0
BRDA:44,2,1,1
BRDA:50,3,0,1
BRDA:50,3,1,0
BRDA:64,4,0,0
BRDA:64,4,1,0
BRDA:68,5,0,0
BRDA:68,5,1,0
BRDA:68,6,0,0
BRDA:68,6,1,0
BRDA:68,6,2,0
BRDA:163,7,0,0
BRDA:163,7,1,1
BRDA:181,8,0,0
BRDA:181,8,1,1
BRDA:287,9,0,1
BRDA:287,9,1,2
BRDA:307,10,0,0
BRDA:307,10,1,2
BRDA:336,11,0,0
BRDA:336,11,1,0
BRF:25
BRH:11
end_of_record
TN:
SF:helpers\hash.js
FN:4,(anonymous_0)
FN:8,(anonymous_1)
FNF:2
FNH:2
FNDA:1,(anonymous_0)
FNDA:1,(anonymous_1)
DA:1,2
DA:2,2
DA:4,2
DA:5,1
DA:8,2
DA:9,1
DA:12,2
LF:7
LH:7
BRF:0
BRH:0
end_of_record
TN:
SF:helpers\jwt.js
FN:4,(anonymous_0)
FN:8,(anonymous_1)
FNF:2
FNH:1
FNDA:1,(anonymous_0)
FNDA:0,(anonymous_1)
DA:1,2
DA:2,2
DA:4,2
DA:5,1
DA:8,2
DA:9,0
DA:12,2
LF:7
LH:6
BRF:0
BRH:0
end_of_record
TN:
SF:helpers\validation.js
FN:1,validateEmail
FN:6,requireInput
FNF:2
FNH:2
FNDA:1,validateEmail
FNDA:2,requireInput
DA:2,1
DA:3,1
DA:7,2
DA:8,2
DA:9,0
DA:11,2
DA:13,2
LF:7
LH:6
BRDA:7,0,0,0
BRDA:7,0,1,2
BRDA:8,1,0,0
BRDA:8,1,1,2
BRF:4
BRH:2
end_of_record
TN:
SF:middlewares\authentication.js
FN:8,(anonymous_0)
FNF:1
FNH:0
FNDA:0,(anonymous_0)
DA:1,1
DA:2,1
DA:3,1
DA:6,1
DA:8,1
DA:9,0
DA:10,0
DA:12,0
DA:13,0
DA:16,0
DA:17,0
DA:18,0
DA:21,0
DA:23,0
DA:24,0
DA:27,0
DA:31,0
DA:32,0
DA:35,0
DA:37,0
DA:39,0
DA:43,1
LF:22
LH:6
BRDA:12,0,0,0
BRDA:12,0,1,0
BRDA:17,1,0,0
BRDA:17,1,1,0
BRDA:23,2,0,0
BRDA:23,2,1,0
BRDA:31,3,0,0
BRDA:31,3,1,0
BRF:8
BRH:0
end_of_record
TN:
SF:middlewares\errHandler.js
FN:1,(anonymous_0)
FNF:1
FNH:1
FNDA:1,(anonymous_0)
DA:1,2
DA:2,1
DA:4,0
DA:5,0
DA:8,0
DA:9,0
DA:11,1
DA:12,1
DA:13,1
DA:17,2
LF:10
LH:6
BRDA:2,0,0,0
BRDA:2,0,1,0
BRDA:2,0,2,0
BRDA:2,0,3,1
BRF:4
BRH:1
end_of_record
TN:
SF:routes\index.js
FN:9,(anonymous_0)
FNF:1
FNH:0
FNDA:0,(anonymous_0)
DA:1,2
DA:2,2
DA:3,2
DA:5,2
DA:6,2
DA:7,2
DA:8,2
DA:9,2
DA:10,0
DA:13,2
LF:10
LH:9
BRF:0
BRH:0
end_of_record
TN:
SF:routes\payment.js
FNF:0
FNH:0
DA:1,2
DA:2,2
DA:3,2
DA:5,2
DA:6,2
DA:9,2
LF:6
LH:6
BRF:0
BRH:0
end_of_record
TN:
SF:routes\receipt.js
FNF:0
FNH:0
DA:1,2
DA:2,2
DA:3,2
DA:5,2
DA:7,2
DA:11,2
DA:16,2
DA:17,2
DA:18,2
DA:19,2
DA:21,2
DA:26,2
DA:27,2
DA:28,2
DA:29,2
DA:31,2
LF:16
LH:16
BRF:0
BRH:0
end_of_record
TN:
SF:routes\user.js
FNF:0
FNH:0
DA:1,2
DA:2,2
DA:4,2
DA:6,2
DA:7,2
DA:8,2
DA:10,2
LF:7
LH:7
BRF:0
BRH:0
end_of_record
TN:
SF:utils\cloudinary.js
FNF:0
FNH:0
DA:1,2
DA:3,2
DA:9,2
LF:3
LH:3
BRF:0
BRH:0
end_of_record
